2018-09-25 07:31:28.407  INFO 2917 --- [main] c.leanstackAuth.Application.Application  : Starting Application on Olatunjis-MacBook-Pro.local with PID 2917 (/Users/prolific/Documents/Study/SpringBoot/gs-accessing-data-mysql/complete/target/classes started by prolific in /Users/prolific/Documents/Study/SpringBoot/gs-accessing-data-mysql/complete)
2018-09-25 07:31:28.411  INFO 2917 --- [main] c.leanstackAuth.Application.Application  : No active profile set, falling back to default profiles: default
2018-09-25 07:31:28.520  INFO 2917 --- [main] ConfigServletWebServerApplicationContext : Refreshing org.springframework.boot.web.servlet.context.AnnotationConfigServletWebServerApplicationContext@1d76aeea: startup date [Tue Sep 25 07:31:28 WAT 2018]; root of context hierarchy
2018-09-25 07:31:30.907  INFO 2917 --- [main] trationDelegate$BeanPostProcessorChecker : Bean 'org.springframework.transaction.annotation.ProxyTransactionManagementConfiguration' of type [org.springframework.transaction.annotation.ProxyTransactionManagementConfiguration$$EnhancerBySpringCGLIB$$d024049] is not eligible for getting processed by all BeanPostProcessors (for example: not eligible for auto-proxying)
2018-09-25 07:31:31.699  INFO 2917 --- [main] o.s.b.w.embedded.tomcat.TomcatWebServer  : Tomcat initialized with port(s): 8080 (http)
2018-09-25 07:31:31.755  INFO 2917 --- [main] o.apache.catalina.core.StandardService   : Starting service [Tomcat]
2018-09-25 07:31:31.756  INFO 2917 --- [main] org.apache.catalina.core.StandardEngine  : Starting Servlet Engine: Apache Tomcat/8.5.34
2018-09-25 07:31:31.768  INFO 2917 --- [localhost-startStop-1] o.a.catalina.core.AprLifecycleListener   : The APR based Apache Tomcat Native library which allows optimal performance in production environments was not found on the java.library.path: [/Users/prolific/Library/Java/Extensions:/Library/Java/Extensions:/Network/Library/Java/Extensions:/System/Library/Java/Extensions:/usr/lib/java:.]
2018-09-25 07:31:31.985  INFO 2917 --- [localhost-startStop-1] .a.c.c.C.[.[.[/leanstack-authentication] : Initializing Spring embedded WebApplicationContext
2018-09-25 07:31:31.986  INFO 2917 --- [localhost-startStop-1] o.s.web.context.ContextLoader            : Root WebApplicationContext: initialization completed in 3466 ms
2018-09-25 07:31:32.105  INFO 2917 --- [localhost-startStop-1] o.s.b.w.servlet.ServletRegistrationBean  : Servlet dispatcherServlet mapped to [/]
2018-09-25 07:31:32.111  INFO 2917 --- [localhost-startStop-1] o.s.b.w.servlet.FilterRegistrationBean   : Mapping filter: 'characterEncodingFilter' to: [/*]
2018-09-25 07:31:32.112  INFO 2917 --- [localhost-startStop-1] o.s.b.w.servlet.FilterRegistrationBean   : Mapping filter: 'hiddenHttpMethodFilter' to: [/*]
2018-09-25 07:31:32.112  INFO 2917 --- [localhost-startStop-1] o.s.b.w.servlet.FilterRegistrationBean   : Mapping filter: 'httpPutFormContentFilter' to: [/*]
2018-09-25 07:31:32.112  INFO 2917 --- [localhost-startStop-1] o.s.b.w.servlet.FilterRegistrationBean   : Mapping filter: 'requestContextFilter' to: [/*]
2018-09-25 07:31:32.432  INFO 2917 --- [main] com.zaxxer.hikari.HikariDataSource       : HikariPool-1 - Starting...
2018-09-25 07:31:32.897  INFO 2917 --- [main] com.zaxxer.hikari.HikariDataSource       : HikariPool-1 - Start completed.
2018-09-25 07:31:32.959  INFO 2917 --- [main] j.LocalContainerEntityManagerFactoryBean : Building JPA container EntityManagerFactory for persistence unit 'default'
2018-09-25 07:31:32.994  INFO 2917 --- [main] o.hibernate.jpa.internal.util.LogHelper  : HHH000204: Processing PersistenceUnitInfo [
	name: default
	...]
2018-09-25 07:31:33.388  INFO 2917 --- [main] org.hibernate.Version                    : HHH000412: Hibernate Core {5.2.17.Final}
2018-09-25 07:31:33.404  INFO 2917 --- [main] org.hibernate.cfg.Environment            : HHH000206: hibernate.properties not found
2018-09-25 07:31:33.480  INFO 2917 --- [main] o.hibernate.annotations.common.Version   : HCANN000001: Hibernate Commons Annotations {5.0.1.Final}
2018-09-25 07:31:33.812  INFO 2917 --- [main] org.hibernate.dialect.Dialect            : HHH000400: Using dialect: org.hibernate.dialect.MySQL5Dialect
2018-09-25 07:31:34.949  INFO 2917 --- [main] o.h.h.i.QueryTranslatorFactoryInitiator  : HHH000397: Using ASTQueryTranslatorFactory
2018-09-25 07:31:35.085  INFO 2917 --- [main] j.LocalContainerEntityManagerFactoryBean : Initialized JPA EntityManagerFactory for persistence unit 'default'
2018-09-25 07:31:36.102  INFO 2917 --- [main] o.s.w.s.handler.SimpleUrlHandlerMapping  : Mapped URL path [/**/favicon.ico] onto handler of type [class org.springframework.web.servlet.resource.ResourceHttpRequestHandler]
2018-09-25 07:31:36.573  INFO 2917 --- [main] s.w.s.m.m.a.RequestMappingHandlerAdapter : Looking for @ControllerAdvice: org.springframework.boot.web.servlet.context.AnnotationConfigServletWebServerApplicationContext@1d76aeea: startup date [Tue Sep 25 07:31:28 WAT 2018]; root of context hierarchy
2018-09-25 07:31:36.642  WARN 2917 --- [main] aWebConfiguration$JpaWebMvcConfiguration : spring.jpa.open-in-view is enabled by default. Therefore, database queries may be performed during view rendering. Explicitly configure spring.jpa.open-in-view to disable this warning
2018-09-25 07:31:36.702  INFO 2917 --- [main] s.w.s.m.m.a.RequestMappingHandlerMapping : Mapped "{[/customer/create],methods=[POST],consumes=[application/x-www-form-urlencoded],produces=[application/json]}" onto public com.leanstackAuth.response.CustomerCreationResponse com.leanstackAuth.Routes.CustomerManagement.addNewUser(java.util.Map<java.lang.String, java.lang.String>)
2018-09-25 07:31:36.704  INFO 2917 --- [main] s.w.s.m.m.a.RequestMappingHandlerMapping : Mapped "{[/customer/authenticate],methods=[POST],consumes=[application/x-www-form-urlencoded],produces=[application/json]}" onto public com.leanstackAuth.response.CustomerCreationResponse com.leanstackAuth.Routes.CustomerManagement.authenticateUser(java.util.Map<java.lang.String, java.lang.String>)
2018-09-25 07:31:36.704  INFO 2917 --- [main] s.w.s.m.m.a.RequestMappingHandlerMapping : Mapped "{[/customer/session/verify/{sessionId}],methods=[GET],produces=[application/json]}" onto public com.leanstackAuth.response.VerifyResponse com.leanstackAuth.Routes.CustomerManagement.verifyAdministratorSession(java.lang.String) throws java.lang.Exception
2018-09-25 07:31:36.710  INFO 2917 --- [main] s.w.s.m.m.a.RequestMappingHandlerMapping : Mapped "{[/customers/overview],methods=[GET]}" onto public com.leanstackAuth.response.CustomerOverviewResponse com.leanstackAuth.Routes.CustomerOverview.getOverview(java.lang.String)
2018-09-25 07:31:36.711  INFO 2917 --- [main] s.w.s.m.m.a.RequestMappingHandlerMapping : Mapped "{[/customers/all],methods=[GET]}" onto public java.lang.Iterable<com.leanstackAuth.Entity.Customer> com.leanstackAuth.Routes.CustomerOverview.getAllUsers(java.lang.String)
2018-09-25 07:31:36.715  INFO 2917 --- [main] s.w.s.m.m.a.RequestMappingHandlerMapping : Mapped "{[/error]}" onto public org.springframework.http.ResponseEntity<java.util.Map<java.lang.String, java.lang.Object>> org.springframework.boot.autoconfigure.web.servlet.error.BasicErrorController.error(javax.servlet.http.HttpServletRequest)
2018-09-25 07:31:36.715  INFO 2917 --- [main] s.w.s.m.m.a.RequestMappingHandlerMapping : Mapped "{[/error],produces=[text/html]}" onto public org.springframework.web.servlet.ModelAndView org.springframework.boot.autoconfigure.web.servlet.error.BasicErrorController.errorHtml(javax.servlet.http.HttpServletRequest,javax.servlet.http.HttpServletResponse)
2018-09-25 07:31:36.759  INFO 2917 --- [main] o.s.w.s.handler.SimpleUrlHandlerMapping  : Mapped URL path [/webjars/**] onto handler of type [class org.springframework.web.servlet.resource.ResourceHttpRequestHandler]
2018-09-25 07:31:36.760  INFO 2917 --- [main] o.s.w.s.handler.SimpleUrlHandlerMapping  : Mapped URL path [/**] onto handler of type [class org.springframework.web.servlet.resource.ResourceHttpRequestHandler]
2018-09-25 07:31:37.225  INFO 2917 --- [main] o.s.j.e.a.AnnotationMBeanExporter        : Registering beans for JMX exposure on startup
2018-09-25 07:31:37.228  INFO 2917 --- [main] o.s.j.e.a.AnnotationMBeanExporter        : Bean with name 'dataSource' has been autodetected for JMX exposure
2018-09-25 07:31:37.236  INFO 2917 --- [main] o.s.j.e.a.AnnotationMBeanExporter        : Located MBean 'dataSource': registering with JMX server as MBean [com.zaxxer.hikari:name=dataSource,type=HikariDataSource]
2018-09-25 07:31:37.308  INFO 2917 --- [main] o.s.b.w.embedded.tomcat.TomcatWebServer  : Tomcat started on port(s): 8080 (http) with context path '/leanstack-authentication'
2018-09-25 07:31:37.314  INFO 2917 --- [main] c.leanstackAuth.Application.Application  : Started Application in 11.24 seconds (JVM running for 13.51)
2018-09-25 07:32:01.008  INFO 2917 --- [http-nio-8080-exec-1] .a.c.c.C.[.[.[/leanstack-authentication] : Initializing Spring FrameworkServlet 'dispatcherServlet'
2018-09-25 07:32:01.012  INFO 2917 --- [http-nio-8080-exec-1] o.s.web.servlet.DispatcherServlet        : FrameworkServlet 'dispatcherServlet': initialization started
2018-09-25 07:32:01.049  INFO 2917 --- [http-nio-8080-exec-1] o.s.web.servlet.DispatcherServlet        : FrameworkServlet 'dispatcherServlet': initialization completed in 36 ms
2018-09-25 07:32:01.122  WARN 2917 --- [http-nio-8080-exec-1] .w.s.m.s.DefaultHandlerExceptionResolver : Resolved [org.springframework.web.bind.ServletRequestBindingException: Missing request header 'sessionId' for method parameter of type String]
